[0.710s] DEBUG:colcon:Command line arguments: ['/usr/bin/colcon', 'build']
[0.710s] DEBUG:colcon:Parsed command line arguments: Namespace(log_base=None, log_level=None, verb_name='build', build_base='build', install_base='install', merge_install=False, symlink_install=False, test_result_base=None, continue_on_error=False, executor='parallel', parallel_workers=12, event_handlers=None, ignore_user_meta=False, metas=['./colcon.meta'], base_paths=['.'], packages_ignore=None, packages_ignore_regex=None, paths=None, packages_up_to=None, packages_up_to_regex=None, packages_above=None, packages_above_and_dependencies=None, packages_above_depth=None, packages_select_by_dep=None, packages_skip_by_dep=None, packages_skip_up_to=None, packages_select_build_failed=False, packages_skip_build_finished=False, packages_select_test_failures=False, packages_skip_test_passed=False, packages_select=None, packages_skip=None, packages_select_regex=None, packages_skip_regex=None, packages_start=None, packages_end=None, allow_overriding=[], cmake_args=None, cmake_target=None, cmake_target_skip_unavailable=False, cmake_clean_cache=False, cmake_clean_first=False, cmake_force_configure=False, ament_cmake_args=None, catkin_cmake_args=None, catkin_skip_building_tests=False, verb_parser=<colcon_defaults.argument_parser.defaults.DefaultArgumentsDecorator object at 0x7fab364ac040>, verb_extension=<colcon_core.verb.build.BuildVerb object at 0x7fab3647d120>, main=<bound method BuildVerb.main of <colcon_core.verb.build.BuildVerb object at 0x7fab3647d120>>)
[0.743s] Level 1:colcon.colcon_core.package_discovery:discover_packages(colcon_meta) check parameters
[0.743s] Level 1:colcon.colcon_core.package_discovery:discover_packages(recursive) check parameters
[0.743s] Level 1:colcon.colcon_core.package_discovery:discover_packages(ignore) check parameters
[0.743s] Level 1:colcon.colcon_core.package_discovery:discover_packages(path) check parameters
[0.743s] Level 1:colcon.colcon_core.package_discovery:discover_packages(colcon_meta) discover
[0.744s] Level 1:colcon.colcon_core.package_discovery:discover_packages(recursive) discover
[0.744s] INFO:colcon.colcon_core.package_discovery:Crawling recursively for packages in '/home/gaurang/ros2_ws/src/algorithms/Simple2D/src'
[0.744s] Level 1:colcon.colcon_core.package_identification:_identify(.) by extensions ['ignore', 'ignore_ament_install']
[0.744s] Level 1:colcon.colcon_core.package_identification:_identify(.) by extension 'ignore'
[0.744s] Level 1:colcon.colcon_core.package_identification:_identify(.) by extension 'ignore_ament_install'
[0.744s] Level 1:colcon.colcon_core.package_identification:_identify(.) by extensions ['colcon_pkg']
[0.744s] Level 1:colcon.colcon_core.package_identification:_identify(.) by extension 'colcon_pkg'
[0.744s] Level 1:colcon.colcon_core.package_identification:_identify(.) by extensions ['colcon_meta']
[0.744s] Level 1:colcon.colcon_core.package_identification:_identify(.) by extension 'colcon_meta'
[0.744s] Level 1:colcon.colcon_core.package_identification:_identify(.) by extensions ['ros']
[0.744s] Level 1:colcon.colcon_core.package_identification:_identify(.) by extension 'ros'
[0.752s] Level 1:colcon.colcon_core.package_identification:_identify(.) by extensions ['cmake', 'python']
[0.752s] Level 1:colcon.colcon_core.package_identification:_identify(.) by extension 'cmake'
[0.752s] Level 1:colcon.colcon_core.package_identification:_identify(.) by extension 'python'
[0.752s] Level 1:colcon.colcon_core.package_identification:_identify(.) by extensions ['python_setup_py']
[0.752s] Level 1:colcon.colcon_core.package_identification:_identify(.) by extension 'python_setup_py'
[0.752s] Level 1:colcon.colcon_core.package_identification:_identify(Simple-2D-LiDAR-Odometry) by extensions ['ignore', 'ignore_ament_install']
[0.752s] Level 1:colcon.colcon_core.package_identification:_identify(Simple-2D-LiDAR-Odometry) by extension 'ignore'
[0.752s] Level 1:colcon.colcon_core.package_identification:_identify(Simple-2D-LiDAR-Odometry) by extension 'ignore_ament_install'
[0.752s] Level 1:colcon.colcon_core.package_identification:_identify(Simple-2D-LiDAR-Odometry) by extensions ['colcon_pkg']
[0.752s] Level 1:colcon.colcon_core.package_identification:_identify(Simple-2D-LiDAR-Odometry) by extension 'colcon_pkg'
[0.752s] Level 1:colcon.colcon_core.package_identification:_identify(Simple-2D-LiDAR-Odometry) by extensions ['colcon_meta']
[0.752s] Level 1:colcon.colcon_core.package_identification:_identify(Simple-2D-LiDAR-Odometry) by extension 'colcon_meta'
[0.752s] Level 1:colcon.colcon_core.package_identification:_identify(Simple-2D-LiDAR-Odometry) by extensions ['ros']
[0.752s] Level 1:colcon.colcon_core.package_identification:_identify(Simple-2D-LiDAR-Odometry) by extension 'ros'
[0.754s] DEBUG:colcon.colcon_core.package_identification:Package 'Simple-2D-LiDAR-Odometry' with type 'ros.ament_cmake' and name 'lidar_odometry'
[0.754s] Level 1:colcon.colcon_core.package_identification:_identify(build) by extensions ['ignore', 'ignore_ament_install']
[0.754s] Level 1:colcon.colcon_core.package_identification:_identify(build) by extension 'ignore'
[0.754s] Level 1:colcon.colcon_core.package_identification:_identify(build) ignored
[0.755s] Level 1:colcon.colcon_core.package_identification:_identify(install) by extensions ['ignore', 'ignore_ament_install']
[0.755s] Level 1:colcon.colcon_core.package_identification:_identify(install) by extension 'ignore'
[0.755s] Level 1:colcon.colcon_core.package_identification:_identify(install) ignored
[0.755s] Level 1:colcon.colcon_core.package_identification:_identify(log) by extensions ['ignore', 'ignore_ament_install']
[0.755s] Level 1:colcon.colcon_core.package_identification:_identify(log) by extension 'ignore'
[0.755s] Level 1:colcon.colcon_core.package_identification:_identify(log) ignored
[0.755s] Level 1:colcon.colcon_core.package_discovery:discover_packages(recursive) using defaults
[0.755s] Level 1:colcon.colcon_core.package_discovery:discover_packages(ignore) discover
[0.755s] Level 1:colcon.colcon_core.package_discovery:discover_packages(ignore) using defaults
[0.755s] Level 1:colcon.colcon_core.package_discovery:discover_packages(path) discover
[0.755s] Level 1:colcon.colcon_core.package_discovery:discover_packages(path) using defaults
[0.820s] Level 1:colcon.colcon_core.package_discovery:discover_packages(prefix_path) check parameters
[0.821s] Level 1:colcon.colcon_core.package_discovery:discover_packages(prefix_path) discover
[0.842s] DEBUG:colcon.colcon_installed_package_information.package_discovery:Found 3 installed packages in /home/gaurang/ros2_ws/install
[0.853s] DEBUG:colcon.colcon_installed_package_information.package_discovery:Found 270 installed packages in /opt/ros/humble
[0.854s] Level 1:colcon.colcon_core.package_discovery:discover_packages(prefix_path) using defaults
[0.918s] Level 5:colcon.colcon_core.verb:set package 'lidar_odometry' build argument 'cmake_args' from command line to 'None'
[0.918s] Level 5:colcon.colcon_core.verb:set package 'lidar_odometry' build argument 'cmake_target' from command line to 'None'
[0.918s] Level 5:colcon.colcon_core.verb:set package 'lidar_odometry' build argument 'cmake_target_skip_unavailable' from command line to 'False'
[0.918s] Level 5:colcon.colcon_core.verb:set package 'lidar_odometry' build argument 'cmake_clean_cache' from command line to 'False'
[0.918s] Level 5:colcon.colcon_core.verb:set package 'lidar_odometry' build argument 'cmake_clean_first' from command line to 'False'
[0.918s] Level 5:colcon.colcon_core.verb:set package 'lidar_odometry' build argument 'cmake_force_configure' from command line to 'False'
[0.918s] Level 5:colcon.colcon_core.verb:set package 'lidar_odometry' build argument 'ament_cmake_args' from command line to 'None'
[0.918s] Level 5:colcon.colcon_core.verb:set package 'lidar_odometry' build argument 'catkin_cmake_args' from command line to 'None'
[0.918s] Level 5:colcon.colcon_core.verb:set package 'lidar_odometry' build argument 'catkin_skip_building_tests' from command line to 'False'
[0.919s] DEBUG:colcon.colcon_core.verb:Building package 'lidar_odometry' with the following arguments: {'ament_cmake_args': None, 'build_base': '/home/gaurang/ros2_ws/src/algorithms/Simple2D/src/build/lidar_odometry', 'catkin_cmake_args': None, 'catkin_skip_building_tests': False, 'cmake_args': None, 'cmake_clean_cache': False, 'cmake_clean_first': False, 'cmake_force_configure': False, 'cmake_target': None, 'cmake_target_skip_unavailable': False, 'install_base': '/home/gaurang/ros2_ws/src/algorithms/Simple2D/src/install/lidar_odometry', 'merge_install': False, 'path': '/home/gaurang/ros2_ws/src/algorithms/Simple2D/src/Simple-2D-LiDAR-Odometry', 'symlink_install': False, 'test_result_base': None}
[0.928s] INFO:colcon.colcon_core.executor:Executing jobs using 'parallel' executor
[0.939s] DEBUG:colcon.colcon_parallel_executor.executor.parallel:run_until_complete
[0.939s] INFO:colcon.colcon_ros.task.ament_cmake.build:Building ROS package in '/home/gaurang/ros2_ws/src/algorithms/Simple2D/src/Simple-2D-LiDAR-Odometry' with build type 'ament_cmake'
[0.939s] INFO:colcon.colcon_cmake.task.cmake.build:Building CMake package in '/home/gaurang/ros2_ws/src/algorithms/Simple2D/src/Simple-2D-LiDAR-Odometry'
[0.951s] INFO:colcon.colcon_core.plugin_system:Skipping extension 'colcon_core.shell.bat': Not used on non-Windows systems
[0.951s] INFO:colcon.colcon_core.shell:Skip shell extension 'powershell' for command environment: Not usable outside of PowerShell
[0.951s] DEBUG:colcon.colcon_core.shell:Skip shell extension 'dsv' for command environment
[0.989s] DEBUG:colcon.colcon_core.event_handler.log_command:Invoking command in '/home/gaurang/ros2_ws/src/algorithms/Simple2D/src/build/lidar_odometry': CMAKE_PREFIX_PATH=${CMAKE_PREFIX_PATH}:/home/gaurang/ros2_ws/install/my_py_pkg:/opt/ros/humble /usr/bin/cmake --build /home/gaurang/ros2_ws/src/algorithms/Simple2D/src/build/lidar_odometry -- -j12 -l12
[1.059s] DEBUG:colcon.colcon_core.event_handler.log_command:Invoked command in '/home/gaurang/ros2_ws/src/algorithms/Simple2D/src/build/lidar_odometry' returned '0': CMAKE_PREFIX_PATH=${CMAKE_PREFIX_PATH}:/home/gaurang/ros2_ws/install/my_py_pkg:/opt/ros/humble /usr/bin/cmake --build /home/gaurang/ros2_ws/src/algorithms/Simple2D/src/build/lidar_odometry -- -j12 -l12
[1.092s] DEBUG:colcon.colcon_core.event_handler.log_command:Invoking command in '/home/gaurang/ros2_ws/src/algorithms/Simple2D/src/build/lidar_odometry': CMAKE_PREFIX_PATH=${CMAKE_PREFIX_PATH}:/home/gaurang/ros2_ws/install/my_py_pkg:/opt/ros/humble /usr/bin/cmake --install /home/gaurang/ros2_ws/src/algorithms/Simple2D/src/build/lidar_odometry
[1.101s] Level 1:colcon.colcon_core.environment:create_environment_scripts_only(lidar_odometry)
[1.101s] DEBUG:colcon.colcon_core.event_handler.log_command:Invoked command in '/home/gaurang/ros2_ws/src/algorithms/Simple2D/src/build/lidar_odometry' returned '0': CMAKE_PREFIX_PATH=${CMAKE_PREFIX_PATH}:/home/gaurang/ros2_ws/install/my_py_pkg:/opt/ros/humble /usr/bin/cmake --install /home/gaurang/ros2_ws/src/algorithms/Simple2D/src/build/lidar_odometry
[1.113s] Level 1:colcon.colcon_core.environment:checking '/home/gaurang/ros2_ws/src/algorithms/Simple2D/src/install/lidar_odometry' for CMake module files
[1.113s] Level 1:colcon.colcon_core.environment:checking '/home/gaurang/ros2_ws/src/algorithms/Simple2D/src/install/lidar_odometry' for CMake config files
[1.113s] Level 1:colcon.colcon_core.shell:create_environment_hook('lidar_odometry', 'cmake_prefix_path')
[1.124s] INFO:colcon.colcon_core.shell:Creating environment hook '/home/gaurang/ros2_ws/src/algorithms/Simple2D/src/install/lidar_odometry/share/lidar_odometry/hook/cmake_prefix_path.ps1'
[1.124s] INFO:colcon.colcon_core.shell:Creating environment descriptor '/home/gaurang/ros2_ws/src/algorithms/Simple2D/src/install/lidar_odometry/share/lidar_odometry/hook/cmake_prefix_path.dsv'
[1.124s] INFO:colcon.colcon_core.shell:Creating environment hook '/home/gaurang/ros2_ws/src/algorithms/Simple2D/src/install/lidar_odometry/share/lidar_odometry/hook/cmake_prefix_path.sh'
[1.125s] Level 1:colcon.colcon_core.environment:checking '/home/gaurang/ros2_ws/src/algorithms/Simple2D/src/install/lidar_odometry/lib'
[1.125s] Level 1:colcon.colcon_core.environment:checking '/home/gaurang/ros2_ws/src/algorithms/Simple2D/src/install/lidar_odometry/bin'
[1.125s] Level 1:colcon.colcon_core.environment:checking '/home/gaurang/ros2_ws/src/algorithms/Simple2D/src/install/lidar_odometry/lib/pkgconfig/lidar_odometry.pc'
[1.125s] Level 1:colcon.colcon_core.environment:checking '/home/gaurang/ros2_ws/src/algorithms/Simple2D/src/install/lidar_odometry/lib/python3.10/site-packages'
[1.125s] Level 1:colcon.colcon_core.environment:checking '/home/gaurang/ros2_ws/src/algorithms/Simple2D/src/install/lidar_odometry/bin'
[1.135s] INFO:colcon.colcon_core.shell:Creating package script '/home/gaurang/ros2_ws/src/algorithms/Simple2D/src/install/lidar_odometry/share/lidar_odometry/package.ps1'
[1.136s] INFO:colcon.colcon_core.shell:Creating package descriptor '/home/gaurang/ros2_ws/src/algorithms/Simple2D/src/install/lidar_odometry/share/lidar_odometry/package.dsv'
[1.136s] INFO:colcon.colcon_core.shell:Creating package script '/home/gaurang/ros2_ws/src/algorithms/Simple2D/src/install/lidar_odometry/share/lidar_odometry/package.sh'
[1.137s] INFO:colcon.colcon_core.shell:Creating package script '/home/gaurang/ros2_ws/src/algorithms/Simple2D/src/install/lidar_odometry/share/lidar_odometry/package.bash'
[1.137s] INFO:colcon.colcon_core.shell:Creating package script '/home/gaurang/ros2_ws/src/algorithms/Simple2D/src/install/lidar_odometry/share/lidar_odometry/package.zsh'
[1.138s] Level 1:colcon.colcon_core.environment:create_file_with_runtime_dependencies(/home/gaurang/ros2_ws/src/algorithms/Simple2D/src/install/lidar_odometry/share/colcon-core/packages/lidar_odometry)
[1.173s] Level 1:colcon.colcon_core.environment:create_environment_scripts_only(lidar_odometry)
[1.184s] Level 1:colcon.colcon_core.environment:checking '/home/gaurang/ros2_ws/src/algorithms/Simple2D/src/install/lidar_odometry' for CMake module files
[1.184s] Level 1:colcon.colcon_core.environment:checking '/home/gaurang/ros2_ws/src/algorithms/Simple2D/src/install/lidar_odometry' for CMake config files
[1.184s] Level 1:colcon.colcon_core.shell:create_environment_hook('lidar_odometry', 'cmake_prefix_path')
[1.194s] INFO:colcon.colcon_core.shell:Creating environment hook '/home/gaurang/ros2_ws/src/algorithms/Simple2D/src/install/lidar_odometry/share/lidar_odometry/hook/cmake_prefix_path.ps1'
[1.194s] INFO:colcon.colcon_core.shell:Creating environment descriptor '/home/gaurang/ros2_ws/src/algorithms/Simple2D/src/install/lidar_odometry/share/lidar_odometry/hook/cmake_prefix_path.dsv'
[1.195s] INFO:colcon.colcon_core.shell:Creating environment hook '/home/gaurang/ros2_ws/src/algorithms/Simple2D/src/install/lidar_odometry/share/lidar_odometry/hook/cmake_prefix_path.sh'
[1.195s] Level 1:colcon.colcon_core.environment:checking '/home/gaurang/ros2_ws/src/algorithms/Simple2D/src/install/lidar_odometry/lib'
[1.195s] Level 1:colcon.colcon_core.environment:checking '/home/gaurang/ros2_ws/src/algorithms/Simple2D/src/install/lidar_odometry/bin'
[1.195s] Level 1:colcon.colcon_core.environment:checking '/home/gaurang/ros2_ws/src/algorithms/Simple2D/src/install/lidar_odometry/lib/pkgconfig/lidar_odometry.pc'
[1.195s] Level 1:colcon.colcon_core.environment:checking '/home/gaurang/ros2_ws/src/algorithms/Simple2D/src/install/lidar_odometry/lib/python3.10/site-packages'
[1.195s] Level 1:colcon.colcon_core.environment:checking '/home/gaurang/ros2_ws/src/algorithms/Simple2D/src/install/lidar_odometry/bin'
[1.206s] INFO:colcon.colcon_core.shell:Creating package script '/home/gaurang/ros2_ws/src/algorithms/Simple2D/src/install/lidar_odometry/share/lidar_odometry/package.ps1'
[1.206s] INFO:colcon.colcon_core.shell:Creating package descriptor '/home/gaurang/ros2_ws/src/algorithms/Simple2D/src/install/lidar_odometry/share/lidar_odometry/package.dsv'
[1.206s] INFO:colcon.colcon_core.shell:Creating package script '/home/gaurang/ros2_ws/src/algorithms/Simple2D/src/install/lidar_odometry/share/lidar_odometry/package.sh'
[1.207s] INFO:colcon.colcon_core.shell:Creating package script '/home/gaurang/ros2_ws/src/algorithms/Simple2D/src/install/lidar_odometry/share/lidar_odometry/package.bash'
[1.207s] INFO:colcon.colcon_core.shell:Creating package script '/home/gaurang/ros2_ws/src/algorithms/Simple2D/src/install/lidar_odometry/share/lidar_odometry/package.zsh'
[1.207s] Level 1:colcon.colcon_core.environment:create_file_with_runtime_dependencies(/home/gaurang/ros2_ws/src/algorithms/Simple2D/src/install/lidar_odometry/share/colcon-core/packages/lidar_odometry)
[1.207s] DEBUG:colcon.colcon_parallel_executor.executor.parallel:closing loop
[1.208s] DEBUG:colcon.colcon_parallel_executor.executor.parallel:loop closed
[1.208s] DEBUG:colcon.colcon_parallel_executor.executor.parallel:run_until_complete finished with '0'
[1.208s] DEBUG:colcon.colcon_core.event_reactor:joining thread
[1.222s] INFO:colcon.colcon_core.plugin_system:Skipping extension 'colcon_notification.desktop_notification.terminal_notifier': Not used on non-Darwin systems
[1.222s] INFO:colcon.colcon_core.plugin_system:Skipping extension 'colcon_notification.desktop_notification.win32': Not used on non-Windows systems
[1.222s] INFO:colcon.colcon_notification.desktop_notification:Sending desktop notification using 'notify2'
[1.230s] DEBUG:colcon.colcon_core.event_reactor:joined thread
[1.241s] INFO:colcon.colcon_core.shell:Creating prefix script '/home/gaurang/ros2_ws/src/algorithms/Simple2D/src/install/local_setup.ps1'
[1.242s] INFO:colcon.colcon_core.shell:Creating prefix util module '/home/gaurang/ros2_ws/src/algorithms/Simple2D/src/install/_local_setup_util_ps1.py'
[1.242s] INFO:colcon.colcon_core.shell:Creating prefix chain script '/home/gaurang/ros2_ws/src/algorithms/Simple2D/src/install/setup.ps1'
[1.253s] INFO:colcon.colcon_core.shell:Creating prefix script '/home/gaurang/ros2_ws/src/algorithms/Simple2D/src/install/local_setup.sh'
[1.253s] INFO:colcon.colcon_core.shell:Creating prefix util module '/home/gaurang/ros2_ws/src/algorithms/Simple2D/src/install/_local_setup_util_sh.py'
[1.254s] INFO:colcon.colcon_core.shell:Creating prefix chain script '/home/gaurang/ros2_ws/src/algorithms/Simple2D/src/install/setup.sh'
[1.265s] INFO:colcon.colcon_core.shell:Creating prefix script '/home/gaurang/ros2_ws/src/algorithms/Simple2D/src/install/local_setup.bash'
[1.265s] INFO:colcon.colcon_core.shell:Creating prefix chain script '/home/gaurang/ros2_ws/src/algorithms/Simple2D/src/install/setup.bash'
[1.284s] INFO:colcon.colcon_core.shell:Creating prefix script '/home/gaurang/ros2_ws/src/algorithms/Simple2D/src/install/local_setup.zsh'
[1.285s] INFO:colcon.colcon_core.shell:Creating prefix chain script '/home/gaurang/ros2_ws/src/algorithms/Simple2D/src/install/setup.zsh'
