[0.048s] Invoking command in '/home/gaurang/ros2_ws/src/algorithms/Simple2D/src/build/lidar_odometry': CMAKE_PREFIX_PATH=${CMAKE_PREFIX_PATH}:/home/gaurang/ros2_ws/install/my_py_pkg:/opt/ros/humble /usr/bin/cmake /home/gaurang/ros2_ws/src/algorithms/Simple2D/src/Simple-2D-LiDAR-Odometry -DCMAKE_INSTALL_PREFIX=/home/gaurang/ros2_ws/src/algorithms/Simple2D/src/install/lidar_odometry
[0.091s] -- The C compiler identification is GNU 11.4.0
[0.134s] -- The CXX compiler identification is GNU 11.4.0
[0.139s] -- Detecting C compiler ABI info
[0.198s] -- Detecting C compiler ABI info - done
[0.203s] -- Check for working C compiler: /usr/bin/cc - skipped
[0.203s] -- Detecting C compile features
[0.203s] -- Detecting C compile features - done
[0.205s] -- Detecting CXX compiler ABI info
[0.270s] -- Detecting CXX compiler ABI info - done
[0.275s] -- Check for working CXX compiler: /usr/bin/c++ - skipped
[0.276s] -- Detecting CXX compile features
[0.276s] -- Detecting CXX compile features - done
[0.278s] -- Found ament_cmake: 1.3.7 (/opt/ros/humble/share/ament_cmake/cmake)
[0.404s] -- Found Python3: /usr/bin/python3.10 (found version "3.10.12") found components: Interpreter 
[0.469s] -- Found rclcpp: 16.0.8 (/opt/ros/humble/share/rclcpp/cmake)
[0.501s] -- Found rosidl_generator_c: 3.1.5 (/opt/ros/humble/share/rosidl_generator_c/cmake)
[0.505s] -- Found rosidl_adapter: 3.1.5 (/opt/ros/humble/share/rosidl_adapter/cmake)
[0.511s] -- Found rosidl_generator_cpp: 3.1.5 (/opt/ros/humble/share/rosidl_generator_cpp/cmake)
[0.521s] -- Using all available rosidl_typesupport_c: rosidl_typesupport_fastrtps_c;rosidl_typesupport_introspection_c
[0.536s] -- Using all available rosidl_typesupport_cpp: rosidl_typesupport_fastrtps_cpp;rosidl_typesupport_introspection_cpp
[0.586s] -- Found rmw_implementation_cmake: 6.1.1 (/opt/ros/humble/share/rmw_implementation_cmake/cmake)
[0.588s] -- Found rmw_fastrtps_cpp: 6.2.6 (/opt/ros/humble/share/rmw_fastrtps_cpp/cmake)
[0.670s] -- Found OpenSSL: /usr/lib/x86_64-linux-gnu/libcrypto.so (found version "3.0.2")  
[0.692s] -- Found FastRTPS: /opt/ros/humble/include  
[0.729s] -- Using RMW implementation 'rmw_fastrtps_cpp' as default
[0.737s] -- Looking for pthread.h
[0.796s] -- Looking for pthread.h - found
[0.796s] -- Performing Test CMAKE_HAVE_LIBC_PTHREAD
[0.857s] -- Performing Test CMAKE_HAVE_LIBC_PTHREAD - Success
[0.858s] -- Found Threads: TRUE  
[0.968s] -- Found sensor_msgs: 4.2.3 (/opt/ros/humble/share/sensor_msgs/cmake)
[1.068s] -- Found nav_msgs: 4.2.3 (/opt/ros/humble/share/nav_msgs/cmake)
[1.140s] -- Checking for module 'eigen3'
[1.152s] --   Found eigen3, version 3.4.0
[1.181s] -- Found Eigen: /usr/include/eigen3 (Required is at least version "3.1") 
[1.181s] -- Eigen found (include: /usr/include/eigen3, version: 3.4.0)
[1.196s] -- Found Boost: /usr/lib/x86_64-linux-gnu/cmake/Boost-1.74.0/BoostConfig.cmake (found suitable version "1.74.0", minimum required is "1.65.0") found components: system filesystem date_time iostreams serialization 
[1.209s] -- Checking for module 'flann'
[1.221s] --   Found flann, version 1.9.1
[1.256s] -- Found FLANN: /usr/lib/x86_64-linux-gnu/libflann_cpp.so  
[1.256s] -- FLANN found (include: /usr/include, lib: /usr/lib/x86_64-linux-gnu/libflann_cpp.so)
[1.281s] -- Found GLEW: /usr/lib/x86_64-linux-gnu/libGLEW.so  
[1.284s] -- Found OpenGL: /usr/lib/x86_64-linux-gnu/libOpenGL.so  found components: OpenGL GLX 
[1.396s] -- Found MPI_C: /usr/lib/x86_64-linux-gnu/libmpi.so (found version "3.1") 
[1.397s] -- Found MPI: TRUE (found version "3.1") found components: C 
[1.398s] -- Found JsonCpp: /usr/lib/x86_64-linux-gnu/libjsoncpp.so (found suitable version "1.9.5", minimum required is "0.7.0") 
[1.405s] -- Found ZLIB: /usr/lib/x86_64-linux-gnu/libz.so (found version "1.2.11") 
[1.417s] -- Found PNG: /usr/lib/x86_64-linux-gnu/libpng.so (found version "1.6.37") 
[1.424s] -- Found Eigen3: /usr/include/eigen3 (found version "3.4.0") 
[1.496s] -- Found X11: /usr/include   
[1.496s] -- Looking for XOpenDisplay in /usr/lib/x86_64-linux-gnu/libX11.so;/usr/lib/x86_64-linux-gnu/libXext.so
[1.557s] -- Looking for XOpenDisplay in /usr/lib/x86_64-linux-gnu/libX11.so;/usr/lib/x86_64-linux-gnu/libXext.so - found
[1.557s] -- Looking for gethostbyname
[1.615s] -- Looking for gethostbyname - found
[1.615s] -- Looking for connect
[1.673s] -- Looking for connect - found
[1.673s] -- Looking for remove
[1.730s] -- Looking for remove - found
[1.730s] -- Looking for shmat
[1.788s] -- Looking for shmat - found
[1.788s] -- Looking for IceConnectionNumber in ICE
[1.845s] -- Looking for IceConnectionNumber in ICE - found
[1.914s] -- Found EXPAT: /usr/lib/x86_64-linux-gnu/libexpat.so (found version "2.4.7") 
[1.915s] -- Found double-conversion: /usr/lib/x86_64-linux-gnu/libdouble-conversion.so  
[1.917s] -- Found LZ4: /usr/lib/x86_64-linux-gnu/liblz4.so (found version "1.9.3") 
[1.918s] -- Found LZMA: /usr/lib/x86_64-linux-gnu/liblzma.so (found version "5.2.5") 
[1.928s] -- Found JPEG: /usr/lib/x86_64-linux-gnu/libjpeg.so (found version "80") 
[1.931s] -- Found TIFF: /usr/lib/x86_64-linux-gnu/libtiff.so (found version "4.3.0")  
[1.934s] -- Found Freetype: /usr/lib/x86_64-linux-gnu/libfreetype.so (found version "2.11.1") 
[1.938s] -- Found utf8cpp: /usr/include/utf8cpp  
[2.006s] -- Checking for module 'libusb-1.0'
[2.018s] --   Found libusb-1.0, version 1.0.25
[2.052s] -- Found libusb: /usr/lib/x86_64-linux-gnu/libusb-1.0.so  
[2.052s] -- Found OpenNI: /usr/lib/libOpenNI.so;libusb::libusb (found version "1.5.4.0") 
[2.052s] -- OpenNI found (version: 1.5.4.0, include: /usr/include/ni, lib: /usr/lib/libOpenNI.so;libusb::libusb)
[2.101s] -- Found OpenNI2: /usr/lib/x86_64-linux-gnu/libOpenNI2.so;libusb::libusb (found version "2.2.0.33") 
[2.101s] -- OpenNI2 found (version: 2.2.0.33, include: /usr/include/openni2, lib: /usr/lib/x86_64-linux-gnu/libOpenNI2.so;libusb::libusb)
[2.101s] [0m** WARNING ** io features related to pcap will be disabled[0m
[2.213s] -- Eigen found (include: /usr/include/eigen3, version: 3.4.0)
[2.217s] -- OpenNI found (version: 1.5.4.0, include: /usr/include/ni, lib: /usr/lib/libOpenNI.so;libusb::libusb)
[2.222s] -- OpenNI2 found (version: 2.2.0.33, include: /usr/include/openni2, lib: /usr/lib/x86_64-linux-gnu/libOpenNI2.so;libusb::libusb)
[2.327s] -- Found Qhull version 8.0.2
[2.436s] -- OpenNI found (version: 1.5.4.0, include: /usr/include/ni, lib: /usr/lib/libOpenNI.so;libusb::libusb)
[2.541s] -- looking for PCL_COMMON
[2.541s] -- Found PCL_COMMON: /usr/lib/x86_64-linux-gnu/libpcl_common.so  
[2.542s] -- looking for PCL_KDTREE
[2.542s] -- Found PCL_KDTREE: /usr/lib/x86_64-linux-gnu/libpcl_kdtree.so  
[2.542s] -- looking for PCL_OCTREE
[2.543s] -- Found PCL_OCTREE: /usr/lib/x86_64-linux-gnu/libpcl_octree.so  
[2.543s] -- looking for PCL_SEARCH
[2.543s] -- Found PCL_SEARCH: /usr/lib/x86_64-linux-gnu/libpcl_search.so  
[2.543s] -- looking for PCL_SAMPLE_CONSENSUS
[2.544s] -- Found PCL_SAMPLE_CONSENSUS: /usr/lib/x86_64-linux-gnu/libpcl_sample_consensus.so  
[2.544s] -- looking for PCL_FILTERS
[2.544s] -- Found PCL_FILTERS: /usr/lib/x86_64-linux-gnu/libpcl_filters.so  
[2.544s] -- looking for PCL_2D
[2.545s] -- Found PCL_2D: /usr/include/pcl-1.12  
[2.545s] -- looking for PCL_GEOMETRY
[2.545s] -- Found PCL_GEOMETRY: /usr/include/pcl-1.12  
[2.545s] -- looking for PCL_IO
[2.545s] -- Found PCL_IO: /usr/lib/x86_64-linux-gnu/libpcl_io.so  
[2.545s] -- looking for PCL_FEATURES
[2.546s] -- Found PCL_FEATURES: /usr/lib/x86_64-linux-gnu/libpcl_features.so  
[2.546s] -- looking for PCL_ML
[2.547s] -- Found PCL_ML: /usr/lib/x86_64-linux-gnu/libpcl_ml.so  
[2.547s] -- looking for PCL_SEGMENTATION
[2.547s] -- Found PCL_SEGMENTATION: /usr/lib/x86_64-linux-gnu/libpcl_segmentation.so  
[2.547s] -- looking for PCL_VISUALIZATION
[2.548s] -- Found PCL_VISUALIZATION: /usr/lib/x86_64-linux-gnu/libpcl_visualization.so  
[2.548s] -- looking for PCL_SURFACE
[2.549s] -- Found PCL_SURFACE: /usr/lib/x86_64-linux-gnu/libpcl_surface.so  
[2.549s] -- looking for PCL_REGISTRATION
[2.549s] -- Found PCL_REGISTRATION: /usr/lib/x86_64-linux-gnu/libpcl_registration.so  
[2.549s] -- looking for PCL_KEYPOINTS
[2.550s] -- Found PCL_KEYPOINTS: /usr/lib/x86_64-linux-gnu/libpcl_keypoints.so  
[2.550s] -- looking for PCL_TRACKING
[2.550s] -- Found PCL_TRACKING: /usr/lib/x86_64-linux-gnu/libpcl_tracking.so  
[2.551s] -- looking for PCL_RECOGNITION
[2.551s] -- Found PCL_RECOGNITION: /usr/lib/x86_64-linux-gnu/libpcl_recognition.so  
[2.551s] -- looking for PCL_STEREO
[2.552s] -- Found PCL_STEREO: /usr/lib/x86_64-linux-gnu/libpcl_stereo.so  
[2.552s] -- looking for PCL_APPS
[2.552s] -- Found PCL_APPS: /usr/lib/x86_64-linux-gnu/libpcl_apps.so  
[2.553s] -- looking for PCL_IN_HAND_SCANNER
[2.553s] -- Found PCL_IN_HAND_SCANNER: /usr/include/pcl-1.12  
[2.553s] -- looking for PCL_MODELER
[2.553s] -- Found PCL_MODELER: /usr/include/pcl-1.12  
[2.553s] -- looking for PCL_POINT_CLOUD_EDITOR
[2.553s] -- Found PCL_POINT_CLOUD_EDITOR: /usr/include/pcl-1.12  
[2.553s] -- looking for PCL_OUTOFCORE
[2.554s] -- Found PCL_OUTOFCORE: /usr/lib/x86_64-linux-gnu/libpcl_outofcore.so  
[2.554s] -- looking for PCL_PEOPLE
[2.555s] -- Found PCL_PEOPLE: /usr/lib/x86_64-linux-gnu/libpcl_people.so  
[2.555s] -- Found PCL: pcl_common;pcl_kdtree;pcl_octree;pcl_search;pcl_sample_consensus;pcl_filters;pcl_io;pcl_features;pcl_ml;pcl_segmentation;pcl_visualization;pcl_surface;pcl_registration;pcl_keypoints;pcl_tracking;pcl_recognition;pcl_stereo;pcl_apps;pcl_outofcore;pcl_people;Boost::system;Boost::filesystem;Boost::date_time;Boost::iostreams;Boost::serialization;/usr/lib/libOpenNI.so;libusb::libusb;/usr/lib/x86_64-linux-gnu/libOpenNI2.so;libusb::libusb;VTK::ChartsCore;VTK::CommonColor;VTK::CommonComputationalGeometry;VTK::CommonCore;VTK::CommonDataModel;VTK::CommonExecutionModel;VTK::CommonMath;VTK::CommonMisc;VTK::CommonTransforms;VTK::FiltersCore;VTK::FiltersExtraction;VTK::FiltersGeneral;VTK::FiltersGeometry;VTK::FiltersModeling;VTK::FiltersSources;VTK::ImagingCore;VTK::ImagingSources;VTK::InteractionImage;VTK::InteractionStyle;VTK::InteractionWidgets;VTK::IOCore;VTK::IOGeometry;VTK::IOImage;VTK::IOLegacy;VTK::IOPLY;VTK::RenderingAnnotation;VTK::RenderingCore;VTK::RenderingContext2D;VTK::RenderingLOD;VTK::RenderingFreeType;VTK::ViewsCore;VTK::ViewsContext2D;VTK::RenderingOpenGL2;VTK::GUISupportQt;FLANN::FLANN;QHULL::QHULL  
[2.574s] -- Found laser_geometry: 2.4.0 (/opt/ros/humble/share/laser_geometry/cmake)
[2.602s] -- Found pcl_conversions: 2.4.0 (/opt/ros/humble/share/pcl_conversions/cmake)
[2.697s] -- Found tf2_eigen: 0.25.5 (/opt/ros/humble/share/tf2_eigen/cmake)
[3.024s] -- Found ament_lint_auto: 0.12.10 (/opt/ros/humble/share/ament_lint_auto/cmake)
[3.086s] -- Added test 'cppcheck' to perform static code analysis on C / C++ code
[3.086s] -- Configured cppcheck include dirs: /home/gaurang/ros2_ws/src/algorithms/Simple2D/src/Simple-2D-LiDAR-Odometry/include;$<BUILD_INTERFACE:/home/gaurang/ros2_ws/src/algorithms/Simple2D/src/Simple-2D-LiDAR-Odometry/include>
[3.086s] -- Configured cppcheck exclude dirs and/or files: 
[3.087s] -- Added test 'lint_cmake' to check CMake code style
[3.091s] -- Added test 'uncrustify' to check C / C++ code style
[3.091s] -- Configured uncrustify additional arguments: 
[3.091s] -- Added test 'xmllint' to check XML markup files
[3.093s] -- Configuring done
[3.159s] -- Generating done
[3.161s] -- Build files have been written to: /home/gaurang/ros2_ws/src/algorithms/Simple2D/src/build/lidar_odometry
[3.176s] Invoked command in '/home/gaurang/ros2_ws/src/algorithms/Simple2D/src/build/lidar_odometry' returned '0': CMAKE_PREFIX_PATH=${CMAKE_PREFIX_PATH}:/home/gaurang/ros2_ws/install/my_py_pkg:/opt/ros/humble /usr/bin/cmake /home/gaurang/ros2_ws/src/algorithms/Simple2D/src/Simple-2D-LiDAR-Odometry -DCMAKE_INSTALL_PREFIX=/home/gaurang/ros2_ws/src/algorithms/Simple2D/src/install/lidar_odometry
[3.178s] Invoking command in '/home/gaurang/ros2_ws/src/algorithms/Simple2D/src/build/lidar_odometry': CMAKE_PREFIX_PATH=${CMAKE_PREFIX_PATH}:/home/gaurang/ros2_ws/install/my_py_pkg:/opt/ros/humble /usr/bin/cmake --build /home/gaurang/ros2_ws/src/algorithms/Simple2D/src/build/lidar_odometry -- -j12 -l12
[3.224s] [ 66%] [32mBuilding CXX object CMakeFiles/lidar_odometry_node.dir/src/lidar_odometry_node.cpp.o[0m
[3.224s] [ 66%] [32mBuilding CXX object CMakeFiles/lidar_odometry_node.dir/src/lidar_odometry.cpp.o[0m
[16.775s] [100%] [32m[1mLinking CXX executable lidar_odometry_node[0m
[17.849s] [100%] Built target lidar_odometry_node
[17.862s] Invoked command in '/home/gaurang/ros2_ws/src/algorithms/Simple2D/src/build/lidar_odometry' returned '0': CMAKE_PREFIX_PATH=${CMAKE_PREFIX_PATH}:/home/gaurang/ros2_ws/install/my_py_pkg:/opt/ros/humble /usr/bin/cmake --build /home/gaurang/ros2_ws/src/algorithms/Simple2D/src/build/lidar_odometry -- -j12 -l12
[17.896s] Invoking command in '/home/gaurang/ros2_ws/src/algorithms/Simple2D/src/build/lidar_odometry': CMAKE_PREFIX_PATH=${CMAKE_PREFIX_PATH}:/home/gaurang/ros2_ws/install/my_py_pkg:/opt/ros/humble /usr/bin/cmake --install /home/gaurang/ros2_ws/src/algorithms/Simple2D/src/build/lidar_odometry
[17.902s] -- Install configuration: ""
[17.902s] -- Installing: /home/gaurang/ros2_ws/src/algorithms/Simple2D/src/install/lidar_odometry/lib/lidar_odometry/lidar_odometry_node
[17.911s] -- Set runtime path of "/home/gaurang/ros2_ws/src/algorithms/Simple2D/src/install/lidar_odometry/lib/lidar_odometry/lidar_odometry_node" to ""
[17.912s] -- Installing: /home/gaurang/ros2_ws/src/algorithms/Simple2D/src/install/lidar_odometry/share/ament_index/resource_index/package_run_dependencies/lidar_odometry
[17.912s] -- Installing: /home/gaurang/ros2_ws/src/algorithms/Simple2D/src/install/lidar_odometry/share/ament_index/resource_index/parent_prefix_path/lidar_odometry
[17.912s] -- Installing: /home/gaurang/ros2_ws/src/algorithms/Simple2D/src/install/lidar_odometry/share/lidar_odometry/environment/ament_prefix_path.sh
[17.912s] -- Installing: /home/gaurang/ros2_ws/src/algorithms/Simple2D/src/install/lidar_odometry/share/lidar_odometry/environment/ament_prefix_path.dsv
[17.912s] -- Installing: /home/gaurang/ros2_ws/src/algorithms/Simple2D/src/install/lidar_odometry/share/lidar_odometry/environment/path.sh
[17.913s] -- Installing: /home/gaurang/ros2_ws/src/algorithms/Simple2D/src/install/lidar_odometry/share/lidar_odometry/environment/path.dsv
[17.913s] -- Installing: /home/gaurang/ros2_ws/src/algorithms/Simple2D/src/install/lidar_odometry/share/lidar_odometry/local_setup.bash
[17.913s] -- Installing: /home/gaurang/ros2_ws/src/algorithms/Simple2D/src/install/lidar_odometry/share/lidar_odometry/local_setup.sh
[17.913s] -- Installing: /home/gaurang/ros2_ws/src/algorithms/Simple2D/src/install/lidar_odometry/share/lidar_odometry/local_setup.zsh
[17.913s] -- Installing: /home/gaurang/ros2_ws/src/algorithms/Simple2D/src/install/lidar_odometry/share/lidar_odometry/local_setup.dsv
[17.913s] -- Installing: /home/gaurang/ros2_ws/src/algorithms/Simple2D/src/install/lidar_odometry/share/lidar_odometry/package.dsv
[17.914s] -- Installing: /home/gaurang/ros2_ws/src/algorithms/Simple2D/src/install/lidar_odometry/share/ament_index/resource_index/packages/lidar_odometry
[17.914s] -- Installing: /home/gaurang/ros2_ws/src/algorithms/Simple2D/src/install/lidar_odometry/share/lidar_odometry/cmake/lidar_odometryConfig.cmake
[17.914s] -- Installing: /home/gaurang/ros2_ws/src/algorithms/Simple2D/src/install/lidar_odometry/share/lidar_odometry/cmake/lidar_odometryConfig-version.cmake
[17.914s] -- Installing: /home/gaurang/ros2_ws/src/algorithms/Simple2D/src/install/lidar_odometry/share/lidar_odometry/package.xml
[17.916s] Invoked command in '/home/gaurang/ros2_ws/src/algorithms/Simple2D/src/build/lidar_odometry' returned '0': CMAKE_PREFIX_PATH=${CMAKE_PREFIX_PATH}:/home/gaurang/ros2_ws/install/my_py_pkg:/opt/ros/humble /usr/bin/cmake --install /home/gaurang/ros2_ws/src/algorithms/Simple2D/src/build/lidar_odometry
