[0.050s] Invoking command in '/home/gaurang/ros2_ws/src/algorithms/Simple2D/src/build/lidar_odometry': CMAKE_PREFIX_PATH=${CMAKE_PREFIX_PATH}:/home/gaurang/ros2_ws/install/my_py_pkg:/opt/ros/humble /usr/bin/cmake --build /home/gaurang/ros2_ws/src/algorithms/Simple2D/src/build/lidar_odometry -- -j12 -l12
[0.090s] [35m[1mConsolidate compiler generated dependencies of target lidar_odometry_node[0m
[0.126s] [100%] Built target lidar_odometry_node
[0.136s] Invoked command in '/home/gaurang/ros2_ws/src/algorithms/Simple2D/src/build/lidar_odometry' returned '0': CMAKE_PREFIX_PATH=${CMAKE_PREFIX_PATH}:/home/gaurang/ros2_ws/install/my_py_pkg:/opt/ros/humble /usr/bin/cmake --build /home/gaurang/ros2_ws/src/algorithms/Simple2D/src/build/lidar_odometry -- -j12 -l12
[0.168s] Invoking command in '/home/gaurang/ros2_ws/src/algorithms/Simple2D/src/build/lidar_odometry': CMAKE_PREFIX_PATH=${CMAKE_PREFIX_PATH}:/home/gaurang/ros2_ws/install/my_py_pkg:/opt/ros/humble /usr/bin/cmake --install /home/gaurang/ros2_ws/src/algorithms/Simple2D/src/build/lidar_odometry
[0.174s] -- Install configuration: ""
[0.174s] -- Up-to-date: /home/gaurang/ros2_ws/src/algorithms/Simple2D/src/install/lidar_odometry/lib/lidar_odometry/lidar_odometry_node
[0.174s] -- Up-to-date: /home/gaurang/ros2_ws/src/algorithms/Simple2D/src/install/lidar_odometry/share/ament_index/resource_index/package_run_dependencies/lidar_odometry
[0.174s] -- Up-to-date: /home/gaurang/ros2_ws/src/algorithms/Simple2D/src/install/lidar_odometry/share/ament_index/resource_index/parent_prefix_path/lidar_odometry
[0.175s] -- Up-to-date: /home/gaurang/ros2_ws/src/algorithms/Simple2D/src/install/lidar_odometry/share/lidar_odometry/environment/ament_prefix_path.sh
[0.175s] -- Up-to-date: /home/gaurang/ros2_ws/src/algorithms/Simple2D/src/install/lidar_odometry/share/lidar_odometry/environment/ament_prefix_path.dsv
[0.175s] -- Up-to-date: /home/gaurang/ros2_ws/src/algorithms/Simple2D/src/install/lidar_odometry/share/lidar_odometry/environment/path.sh
[0.175s] -- Up-to-date: /home/gaurang/ros2_ws/src/algorithms/Simple2D/src/install/lidar_odometry/share/lidar_odometry/environment/path.dsv
[0.175s] -- Up-to-date: /home/gaurang/ros2_ws/src/algorithms/Simple2D/src/install/lidar_odometry/share/lidar_odometry/local_setup.bash
[0.175s] -- Up-to-date: /home/gaurang/ros2_ws/src/algorithms/Simple2D/src/install/lidar_odometry/share/lidar_odometry/local_setup.sh
[0.175s] -- Up-to-date: /home/gaurang/ros2_ws/src/algorithms/Simple2D/src/install/lidar_odometry/share/lidar_odometry/local_setup.zsh
[0.175s] -- Up-to-date: /home/gaurang/ros2_ws/src/algorithms/Simple2D/src/install/lidar_odometry/share/lidar_odometry/local_setup.dsv
[0.175s] -- Installing: /home/gaurang/ros2_ws/src/algorithms/Simple2D/src/install/lidar_odometry/share/lidar_odometry/package.dsv
[0.175s] -- Up-to-date: /home/gaurang/ros2_ws/src/algorithms/Simple2D/src/install/lidar_odometry/share/ament_index/resource_index/packages/lidar_odometry
[0.175s] -- Up-to-date: /home/gaurang/ros2_ws/src/algorithms/Simple2D/src/install/lidar_odometry/share/lidar_odometry/cmake/lidar_odometryConfig.cmake
[0.175s] -- Up-to-date: /home/gaurang/ros2_ws/src/algorithms/Simple2D/src/install/lidar_odometry/share/lidar_odometry/cmake/lidar_odometryConfig-version.cmake
[0.175s] -- Up-to-date: /home/gaurang/ros2_ws/src/algorithms/Simple2D/src/install/lidar_odometry/share/lidar_odometry/package.xml
[0.177s] Invoked command in '/home/gaurang/ros2_ws/src/algorithms/Simple2D/src/build/lidar_odometry' returned '0': CMAKE_PREFIX_PATH=${CMAKE_PREFIX_PATH}:/home/gaurang/ros2_ws/install/my_py_pkg:/opt/ros/humble /usr/bin/cmake --install /home/gaurang/ros2_ws/src/algorithms/Simple2D/src/build/lidar_odometry
